  stack.cpp
C:\Users\Aditya Kalhan\OneDrive - Thapar University\College\Stack-Implementation-Computer-graphics-master\cg-final-stack\stack.cpp(26,31): warning C4305: 'argument': truncation from 'double' to 'GLclampf'
C:\Users\Aditya Kalhan\OneDrive - Thapar University\College\Stack-Implementation-Computer-graphics-master\cg-final-stack\stack.cpp(48,19): warning C4244: 'argument': conversion from 'int' to 'GLfloat', possible loss of data
C:\Users\Aditya Kalhan\OneDrive - Thapar University\College\Stack-Implementation-Computer-graphics-master\cg-final-stack\stack.cpp(48,16): warning C4244: 'argument': conversion from 'int' to 'GLfloat', possible loss of data
C:\Users\Aditya Kalhan\OneDrive - Thapar University\College\Stack-Implementation-Computer-graphics-master\cg-final-stack\stack.cpp(50,20): warning C4018: '<': signed/unsigned mismatch
C:\Users\Aditya Kalhan\OneDrive - Thapar University\College\Stack-Implementation-Computer-graphics-master\cg-final-stack\stack.cpp(109,15): warning C4244: 'initializing': conversion from 'int' to 'float', possible loss of data
C:\Users\Aditya Kalhan\OneDrive - Thapar University\College\Stack-Implementation-Computer-graphics-master\cg-final-stack\stack.cpp(110,13): warning C4244: 'argument': conversion from 'float' to 'int', possible loss of data
C:\Users\Aditya Kalhan\OneDrive - Thapar University\College\Stack-Implementation-Computer-graphics-master\cg-final-stack\stack.cpp(86,5): warning C4996: 'strcpy': This function or variable may be unsafe. Consider using strcpy_s instead. To disable deprecation, use _CRT_SECURE_NO_WARNINGS. See online help for details.
C:\Users\Aditya Kalhan\OneDrive - Thapar University\College\Stack-Implementation-Computer-graphics-master\cg-final-stack\stack.cpp(93,5): warning C4996: 'strcpy': This function or variable may be unsafe. Consider using strcpy_s instead. To disable deprecation, use _CRT_SECURE_NO_WARNINGS. See online help for details.
C:\Users\Aditya Kalhan\OneDrive - Thapar University\College\Stack-Implementation-Computer-graphics-master\cg-final-stack\stack.cpp(100,5): warning C4996: 'strcpy': This function or variable may be unsafe. Consider using strcpy_s instead. To disable deprecation, use _CRT_SECURE_NO_WARNINGS. See online help for details.
C:\Users\Aditya Kalhan\OneDrive - Thapar University\College\Stack-Implementation-Computer-graphics-master\cg-final-stack\stack.cpp(113,5): warning C4996: 'strcpy': This function or variable may be unsafe. Consider using strcpy_s instead. To disable deprecation, use _CRT_SECURE_NO_WARNINGS. See online help for details.
C:\Users\Aditya Kalhan\OneDrive - Thapar University\College\Stack-Implementation-Computer-graphics-master\cg-final-stack\stack.cpp(174,20): warning C4244: 'argument': conversion from 'int' to 'GLfloat', possible loss of data
C:\Users\Aditya Kalhan\OneDrive - Thapar University\College\Stack-Implementation-Computer-graphics-master\cg-final-stack\stack.cpp(175,19): warning C4244: 'argument': conversion from 'int' to 'GLfloat', possible loss of data
C:\Users\Aditya Kalhan\OneDrive - Thapar University\College\Stack-Implementation-Computer-graphics-master\cg-final-stack\stack.cpp(176,21): warning C4244: 'argument': conversion from 'int' to 'GLfloat', possible loss of data
C:\Users\Aditya Kalhan\OneDrive - Thapar University\College\Stack-Implementation-Computer-graphics-master\cg-final-stack\stack.cpp(177,22): warning C4244: 'argument': conversion from 'int' to 'GLfloat', possible loss of data
C:\Users\Aditya Kalhan\OneDrive - Thapar University\College\Stack-Implementation-Computer-graphics-master\cg-final-stack\stack.cpp(180,24): warning C4244: 'argument': conversion from 'int' to 'GLfloat', possible loss of data
C:\Users\Aditya Kalhan\OneDrive - Thapar University\College\Stack-Implementation-Computer-graphics-master\cg-final-stack\stack.cpp(182,21): warning C4018: '<': signed/unsigned mismatch
C:\Users\Aditya Kalhan\OneDrive - Thapar University\College\Stack-Implementation-Computer-graphics-master\cg-final-stack\stack.cpp(200,21): warning C4018: '<': signed/unsigned mismatch
C:\Users\Aditya Kalhan\OneDrive - Thapar University\College\Stack-Implementation-Computer-graphics-master\cg-final-stack\stack.cpp(206,21): warning C4018: '<': signed/unsigned mismatch
C:\Users\Aditya Kalhan\OneDrive - Thapar University\College\Stack-Implementation-Computer-graphics-master\cg-final-stack\stack.cpp(212,21): warning C4018: '<': signed/unsigned mismatch
C:\Users\Aditya Kalhan\OneDrive - Thapar University\College\Stack-Implementation-Computer-graphics-master\cg-final-stack\stack.cpp(218,21): warning C4018: '<': signed/unsigned mismatch
  cg-final-stack.vcxproj -> C:\Users\Aditya Kalhan\OneDrive - Thapar University\College\Stack-Implementation-Computer-graphics-master\Debug\cg-final-stack.exe
